# JRE version: OpenJDK Runtime Environment (11.0.10) (build 11.0.10+0-b96-7249189)
# Java VM: OpenJDK 64-Bit Server VM (11.0.10+0-b96-7249189, mixed mode, tiered, compressed oops, g1 gc, windows-amd64)
Heap:
 garbage-first heap   total 545792K, used 260457K [0x0000000080000000, 0x0000000100000000)
  region size 1024K, 76 young (77824K), 25 survivors (25600K)
 Metaspace       used 154763K, capacity 159338K, committed 159360K, reserved 1187840K
  class space    used 19173K, capacity 20842K, committed 20864K, reserved 1048576K
GC Heap History (20 events):
Event: 3691.662 GC heap before
{Heap before GC invocations=91 (full 0):
 garbage-first heap   total 545792K, used 390740K [0x0000000080000000, 0x0000000100000000)
  region size 1024K, 128 young (131072K), 14 survivors (14336K)
 Metaspace       used 150147K, capacity 154475K, committed 154624K, reserved 1183744K
  class space    used 18785K, capacity 20362K, committed 20480K, reserved 1048576K
}
Event: 3691.707 GC heap after
{Heap after GC invocations=92 (full 0):
 garbage-first heap   total 545792K, used 283901K [0x0000000080000000, 0x0000000100000000)
  region size 1024K, 16 young (16384K), 16 survivors (16384K)
 Metaspace       used 150147K, capacity 154475K, committed 154624K, reserved 1183744K
  class space    used 18785K, capacity 20362K, committed 20480K, reserved 1048576K
}
Event: 3692.590 GC heap before
{Heap before GC invocations=92 (full 0):
 garbage-first heap   total 545792K, used 382205K [0x0000000080000000, 0x0000000100000000)
  region size 1024K, 114 young (116736K), 16 survivors (16384K)
 Metaspace       used 150800K, capacity 155118K, committed 155392K, reserved 1183744K
  class space    used 18841K, capacity 20421K, committed 20480K, reserved 1048576K
}
Event: 3692.628 GC heap after
{Heap after GC invocations=93 (full 0):
 garbage-first heap   total 545792K, used 281600K [0x0000000080000000, 0x0000000100000000)
  region size 1024K, 4 young (4096K), 4 survivors (4096K)
 Metaspace       used 150800K, capacity 155118K, committed 155392K, reserved 1183744K
  class space    used 18841K, capacity 20421K, committed 20480K, reserved 1048576K
}
Event: 3710.489 GC heap before
{Heap before GC invocations=94 (full 0):
 garbage-first heap   total 545792K, used 355328K [0x0000000080000000, 0x0000000100000000)
  region size 1024K, 122 young (124928K), 4 survivors (4096K)
 Metaspace       used 152870K, capacity 157411K, committed 157696K, reserved 1185792K
  class space    used 19066K, capacity 20684K, committed 20736K, reserved 1048576K
}
Event: 3710.535 GC heap after
{Heap after GC invocations=95 (full 0):
 garbage-first heap   total 545792K, used 219136K [0x0000000080000000, 0x0000000100000000)
  region size 1024K, 9 young (9216K), 9 survivors (9216K)
 Metaspace       used 152870K, capacity 157411K, committed 157696K, reserved 1185792K
  class space    used 19066K, capacity 20684K, committed 20736K, reserved 1048576K
}
Event: 3711.256 GC heap before
{Heap before GC invocations=95 (full 0):
 garbage-first heap   total 545792K, used 235520K [0x0000000080000000, 0x0000000100000000)
  region size 1024K, 26 young (26624K), 9 survivors (9216K)
 Metaspace       used 152887K, capacity 157417K, committed 157696K, reserved 1185792K
  class space    used 19067K, capacity 20685K, committed 20736K, reserved 1048576K
}
Event: 3711.290 GC heap after
{Heap after GC invocations=96 (full 0):
 garbage-first heap   total 545792K, used 177573K [0x0000000080000000, 0x0000000100000000)
  region size 1024K, 2 young (2048K), 2 survivors (2048K)
 Metaspace       used 152887K, capacity 157417K, committed 157696K, reserved 1185792K
  class space    used 19067K, capacity 20685K, committed 20736K, reserved 1048576K
}
Event: 3715.293 GC heap before
{Heap before GC invocations=96 (full 0):
 garbage-first heap   total 545792K, used 391589K [0x0000000080000000, 0x0000000100000000)
  region size 1024K, 208 young (212992K), 2 survivors (2048K)
 Metaspace       used 153486K, capacity 158079K, committed 158336K, reserved 1187840K
  class space    used 19126K, capacity 20798K, committed 20864K, reserved 1048576K
}
Event: 3715.322 GC heap after
{Heap after GC invocations=97 (full 0):
 garbage-first heap   total 545792K, used 182351K [0x0000000080000000, 0x0000000100000000)
  region size 1024K, 5 young (5120K), 5 survivors (5120K)
 Metaspace       used 153486K, capacity 158079K, committed 158336K, reserved 1187840K
  class space    used 19126K, capacity 20798K, committed 20864K, reserved 1048576K
}
Event: 3716.107 GC heap before
{Heap before GC invocations=97 (full 0):
 garbage-first heap   total 545792K, used 262223K [0x0000000080000000, 0x0000000100000000)
  region size 1024K, 85 young (87040K), 5 survivors (5120K)
 Metaspace       used 153684K, capacity 158263K, committed 158336K, reserved 1187840K
  class space    used 19135K, capacity 20805K, committed 20864K, reserved 1048576K
}
Event: 3716.117 GC heap after
{Heap after GC invocations=98 (full 0):
 garbage-first heap   total 545792K, used 179779K [0x0000000080000000, 0x0000000100000000)
  region size 1024K, 4 young (4096K), 4 survivors (4096K)
 Metaspace       used 153684K, capacity 158263K, committed 158336K, reserved 1187840K
  class space    used 19135K, capacity 20805K, committed 20864K, reserved 1048576K
}
Event: 3718.922 GC heap before
{Heap before GC invocations=99 (full 0):
 garbage-first heap   total 545792K, used 416323K [0x0000000080000000, 0x0000000100000000)
  region size 1024K, 237 young (242688K), 4 survivors (4096K)
 Metaspace       used 154328K, capacity 158913K, committed 159104K, reserved 1187840K
  class space    used 19151K, capacity 20815K, committed 20864K, reserved 1048576K
}
Event: 3718.960 GC heap after
{Heap after GC invocations=100 (full 0):
 garbage-first heap   total 545792K, used 201546K [0x0000000080000000, 0x0000000100000000)
  region size 1024K, 29 young (29696K), 29 survivors (29696K)
 Metaspace       used 154328K, capacity 158913K, committed 159104K, reserved 1187840K
  class space    used 19151K, capacity 20815K, committed 20864K, reserved 1048576K
}
Event: 3718.964 GC heap before
{Heap before GC invocations=100 (full 0):
 garbage-first heap   total 545792K, used 202570K [0x0000000080000000, 0x0000000100000000)
  region size 1024K, 30 young (30720K), 29 survivors (29696K)
 Metaspace       used 154328K, capacity 158913K, committed 159104K, reserved 1187840K
  class space    used 19151K, capacity 20815K, committed 20864K, reserved 1048576K
}
Event: 3718.988 GC heap after
{Heap after GC invocations=101 (full 0):
 garbage-first heap   total 545792K, used 167626K [0x0000000080000000, 0x0000000100000000)
  region size 1024K, 2 young (2048K), 2 survivors (2048K)
 Metaspace       used 154328K, capacity 158913K, committed 159104K, reserved 1187840K
  class space    used 19151K, capacity 20815K, committed 20864K, reserved 1048576K
}
Event: 3721.231 GC heap before
{Heap before GC invocations=101 (full 0):
 garbage-first heap   total 545792K, used 425674K [0x0000000080000000, 0x0000000100000000)
  region size 1024K, 255 young (261120K), 2 survivors (2048K)
 Metaspace       used 154630K, capacity 159222K, committed 159360K, reserved 1187840K
  class space    used 19165K, capacity 20829K, committed 20864K, reserved 1048576K
}
Event: 3721.284 GC heap after
{Heap after GC invocations=102 (full 0):
 garbage-first heap   total 545792K, used 190959K [0x0000000080000000, 0x0000000100000000)
  region size 1024K, 25 young (25600K), 25 survivors (25600K)
 Metaspace       used 154630K, capacity 159222K, committed 159360K, reserved 1187840K
  class space    used 19165K, capacity 20829K, committed 20864K, reserved 1048576K
}
Event: 3722.923 GC heap before
{Heap before GC invocations=102 (full 0):
 garbage-first heap   total 545792K, used 424431K [0x0000000080000000, 0x0000000100000000)
  region size 1024K, 253 young (259072K), 25 survivors (25600K)
 Metaspace       used 154760K, capacity 159338K, committed 159360K, reserved 1187840K
  class space    used 19173K, capacity 20842K, committed 20864K, reserved 1048576K
}
Event: 3722.994 GC heap after
{Heap after GC invocations=103 (full 0):
 garbage-first heap   total 545792K, used 209257K [0x0000000080000000, 0x0000000100000000)
  region size 1024K, 25 young (25600K), 25 survivors (25600K)
 Metaspace       used 154760K, capacity 159338K, committed 159360K, reserved 1187840K
  class space    used 19173K, capacity 20842K, committed 20864K, reserved 1048576K
}

